0 info it worked if it ends with ok
1 verbose cli [ 'C:\\Program Files\\nodejs\\node.exe',
1 verbose cli   'C:\\Users\\Xander\\AppData\\Roaming\\npm\\node_modules\\npm\\bin\\npm-cli.js',
1 verbose cli   'start' ]
2 info using npm@3.10.2
3 info using node@v8.9.3
4 verbose run-script [ 'prestart', 'start', 'poststart' ]
5 info lifecycle runway@1.0.0~prestart: runway@1.0.0
6 silly lifecycle runway@1.0.0~prestart: no script for prestart, continuing
7 info lifecycle runway@1.0.0~start: runway@1.0.0
8 verbose lifecycle runway@1.0.0~start: unsafe-perm in lifecycle true
9 verbose lifecycle runway@1.0.0~start: PATH: C:\Users\Xander\AppData\Roaming\npm\node_modules\npm\bin\node-gyp-bin;E:\Manga\Runway\server\node_modules\.bin;C:\Program Files\nodejs;E:\app\client\Xander\product\12.2.0\client_1;E:\app\client\Xander\product\12.2.0\client_1\bin;C:\ProgramData\Oracle\Java\javapath;C:\WINDOWS\system32;C:\WINDOWS;C:\WINDOWS\System32\Wbem;C:\WINDOWS\System32\WindowsPowerShell\v1.0\;C:\Program Files\Microsoft SQL Server\110\Tools\Binn\;C:\Go\bin;C:\Program Files\Microsoft SQL Server\130\Tools\Binn\;C:\Program Files\dotnet\;C:\Program Files (x86)\Skype\Phone\;C:\Program Files\nodejs\;C:\ProgramData\chocolatey\bin;C:\Program Files (x86)\Git\cmd;C:\Program Files\Microsoft SQL Server\Client SDK\ODBC\130\Tools\Binn\;C:\Program Files (x86)\Microsoft SQL Server\130\Tools\Binn\;C:\Program Files\Microsoft SQL Server\130\DTS\Binn\;C:\Users\Xander\AppData\Local\Programs\Python\Python35-32\Scripts\;C:\Users\Xander\AppData\Local\Programs\Python\Python35-32\;C:\Program Files\MongoDB\Server\3.0\bin;C:\Users\AhmedAraby\AppData\Roaming\npm;C:\Users\Xander\AppData\Local\Android\android-sdk\platform-tools;C:\Users\Xander\AppData\Local\Android\android-sdk\tools;C:\Users\Xander\AppData\Local\apache-ant-1.9.7\bin;C:\Program Files (x86)\Java\jre1.8.0_111\bin;E:\Collections\Apach-Ant\apache-ant-1.10.1\bin;C:\Program Files\Java\jdk1.8.0_144;C:\Program Files\Microsoft VS Code\bin;C:\Users\Xander\AppData\Local\Microsoft\WindowsApps;C:\Users\Xander\AppData\Roaming\npm;C:\Program Files\MongoDB\Server\3.6\bin;C:\Users\Xander\AppData\Local\.meteor;
10 verbose lifecycle runway@1.0.0~start: CWD: E:\Manga\Runway\server
11 silly lifecycle runway@1.0.0~start: Args: [ '/d /s /c', 'nodemon app.js' ]
12 verbose stack Error: kill ENOSYS
12 verbose stack     at Object._errnoException (util.js:1024:11)
12 verbose stack     at process.kill (internal/process.js:183:18)
12 verbose stack     at process.listener (C:\Users\Xander\AppData\Roaming\npm\node_modules\npm\node_modules\npmlog\node_modules\gauge\node_modules\signal-exit\index.js:86:15)
12 verbose stack     at emitNone (events.js:106:13)
12 verbose stack     at process.emit (events.js:208:7)
12 verbose stack     at processEmit (C:\Users\Xander\AppData\Roaming\npm\node_modules\npm\node_modules\npmlog\node_modules\gauge\node_modules\signal-exit\index.js:146:32)
12 verbose stack     at Signal.wrap.onsignal (internal/process.js:208:44)
13 verbose cwd E:\Manga\Runway\server
14 error Windows_NT 10.0.15063
15 error argv "C:\\Program Files\\nodejs\\node.exe" "C:\\Users\\Xander\\AppData\\Roaming\\npm\\node_modules\\npm\\bin\\npm-cli.js" "start"
16 error node v8.9.3
17 error npm  v3.10.2
18 error code ENOSYS
19 error errno ENOSYS
20 error syscall kill
21 error kill ENOSYS
22 error If you need help, you may report this error at:
22 error     <https://github.com/npm/npm/issues>
23 verbose exit [ 1, true ]
